# JRE version: OpenJDK Runtime Environment Temurin-21.0.10+7 (21.0.10+7) (build 21.0.10+7-LTS)
# Java VM: OpenJDK 64-Bit Server VM Temurin-21.0.10+7 (21.0.10+7-LTS, mixed mode, sharing, tiered, compressed oops, compressed class ptrs, parallel gc, windows-amd64)
GC Precious Log:
 CardTable entry size: 512
 CPUs: 16 total, 16 available
 Memory: 15713M
 Large Page Support: Disabled
 NUMA Support: Disabled
 Compressed Oops: Enabled (32-bit)
 Alignments: Space 512K, Generation 512K, Heap 2M
 Heap Min Capacity: 100M
 Heap Initial Capacity: 100M
 Heap Max Capacity: 2G
 Pre-touch: Disabled
 Parallel Workers: 13
Heap:
 PSYoungGen      total 8192K, used 7840K [0x00000000d5580000, 0x00000000d6400000, 0x0000000100000000)
  eden space 7168K, 100% used [0x00000000d5580000,0x00000000d5c80000,0x00000000d5c80000)
  from space 1024K, 65% used [0x00000000d6300000,0x00000000d63a8000,0x00000000d6400000)
  to   space 2560K, 0% used [0x00000000d5f00000,0x00000000d5f00000,0x00000000d6180000)
 ParOldGen       total 1394688K, used 1393432K [0x0000000080000000, 0x00000000d5200000, 0x00000000d5580000)
  object space 1394688K, 99% used [0x0000000080000000,0x00000000d50c6158,0x00000000d5200000)
 Metaspace       used 111391K, committed 113344K, reserved 1179648K
  class space    used 10961K, committed 11840K, reserved 1048576K
GC Heap History (20 events):
Event: 22442.263 GC heap after
{Heap after GC invocations=13328 (full 25):
 PSYoungGen      total 11776K, used 714K [0x00000000d5580000, 0x00000000d6300000, 0x0000000100000000)
  eden space 10752K, 0% used [0x00000000d5580000,0x00000000d5580000,0x00000000d6000000)
  from space 1024K, 69% used [0x00000000d6180000,0x00000000d6232910,0x00000000d6280000)
  to   space 512K, 0% used [0x00000000d6280000,0x00000000d6280000,0x00000000d6300000)
 ParOldGen       total 1338880K, used 1338569K [0x0000000080000000, 0x00000000d1b80000, 0x00000000d5580000)
  object space 1338880K, 99% used [0x0000000080000000,0x00000000d1b327d8,0x00000000d1b80000)
 Metaspace       used 111367K, committed 113280K, reserved 1179648K
  class space    used 10961K, committed 11840K, reserved 1048576K
}
Event: 22442.639 GC heap before
{Heap before GC invocations=13329 (full 25):
 PSYoungGen      total 11776K, used 11466K [0x00000000d5580000, 0x00000000d6300000, 0x0000000100000000)
  eden space 10752K, 100% used [0x00000000d5580000,0x00000000d6000000,0x00000000d6000000)
  from space 1024K, 69% used [0x00000000d6180000,0x00000000d6232910,0x00000000d6280000)
  to   space 512K, 0% used [0x00000000d6280000,0x00000000d6280000,0x00000000d6300000)
 ParOldGen       total 1338880K, used 1338569K [0x0000000080000000, 0x00000000d1b80000, 0x00000000d5580000)
  object space 1338880K, 99% used [0x0000000080000000,0x00000000d1b327d8,0x00000000d1b80000)
 Metaspace       used 111382K, committed 113280K, reserved 1179648K
  class space    used 10961K, committed 11840K, reserved 1048576K
}
Event: 22442.644 GC heap after
{Heap after GC invocations=13329 (full 25):
 PSYoungGen      total 11264K, used 500K [0x00000000d5580000, 0x00000000d6300000, 0x0000000100000000)
  eden space 10752K, 0% used [0x00000000d5580000,0x00000000d5580000,0x00000000d6000000)
  from space 512K, 97% used [0x00000000d6280000,0x00000000d62fd200,0x00000000d6300000)
  to   space 1536K, 0% used [0x00000000d6000000,0x00000000d6000000,0x00000000d6180000)
 ParOldGen       total 1339392K, used 1339350K [0x0000000080000000, 0x00000000d1c00000, 0x00000000d5580000)
  object space 1339392K, 99% used [0x0000000080000000,0x00000000d1bf59e8,0x00000000d1c00000)
 Metaspace       used 111382K, committed 113280K, reserved 1179648K
  class space    used 10961K, committed 11840K, reserved 1048576K
}
Event: 22442.858 GC heap before
{Heap before GC invocations=13330 (full 25):
 PSYoungGen      total 11264K, used 11252K [0x00000000d5580000, 0x00000000d6300000, 0x0000000100000000)
  eden space 10752K, 100% used [0x00000000d5580000,0x00000000d6000000,0x00000000d6000000)
  from space 512K, 97% used [0x00000000d6280000,0x00000000d62fd200,0x00000000d6300000)
  to   space 1536K, 0% used [0x00000000d6000000,0x00000000d6000000,0x00000000d6180000)
 ParOldGen       total 1339392K, used 1339350K [0x0000000080000000, 0x00000000d1c00000, 0x00000000d5580000)
  object space 1339392K, 99% used [0x0000000080000000,0x00000000d1bf59e8,0x00000000d1c00000)
 Metaspace       used 111382K, committed 113280K, reserved 1179648K
  class space    used 10961K, committed 11840K, reserved 1048576K
}
Event: 22442.862 GC heap after
{Heap after GC invocations=13330 (full 25):
 PSYoungGen      total 12288K, used 772K [0x00000000d5580000, 0x00000000d6300000, 0x0000000100000000)
  eden space 10752K, 0% used [0x00000000d5580000,0x00000000d5580000,0x00000000d6000000)
  from space 1536K, 50% used [0x00000000d6000000,0x00000000d60c1210,0x00000000d6180000)
  to   space 1024K, 0% used [0x00000000d6200000,0x00000000d6200000,0x00000000d6300000)
 ParOldGen       total 1339904K, used 1339398K [0x0000000080000000, 0x00000000d1c80000, 0x00000000d5580000)
  object space 1339904K, 99% used [0x0000000080000000,0x00000000d1c019e8,0x00000000d1c80000)
 Metaspace       used 111382K, committed 113280K, reserved 1179648K
  class space    used 10961K, committed 11840K, reserved 1048576K
}
Event: 22443.681 GC heap before
{Heap before GC invocations=13331 (full 25):
 PSYoungGen      total 12288K, used 11520K [0x00000000d5580000, 0x00000000d6300000, 0x0000000100000000)
  eden space 10752K, 99% used [0x00000000d5580000,0x00000000d5fff188,0x00000000d6000000)
  from space 1536K, 50% used [0x00000000d6000000,0x00000000d60c1210,0x00000000d6180000)
  to   space 1024K, 0% used [0x00000000d6200000,0x00000000d6200000,0x00000000d6300000)
 ParOldGen       total 1339904K, used 1339398K [0x0000000080000000, 0x00000000d1c80000, 0x00000000d5580000)
  object space 1339904K, 99% used [0x0000000080000000,0x00000000d1c019e8,0x00000000d1c80000)
 Metaspace       used 111384K, committed 113344K, reserved 1179648K
  class space    used 10961K, committed 11840K, reserved 1048576K
}
Event: 22443.688 GC heap after
{Heap after GC invocations=13331 (full 25):
 PSYoungGen      total 11776K, used 1012K [0x00000000d5580000, 0x00000000d6400000, 0x0000000100000000)
  eden space 10752K, 0% used [0x00000000d5580000,0x00000000d5580000,0x00000000d6000000)
  from space 1024K, 98% used [0x00000000d6200000,0x00000000d62fd220,0x00000000d6300000)
  to   space 2048K, 0% used [0x00000000d6000000,0x00000000d6000000,0x00000000d6200000)
 ParOldGen       total 1340416K, used 1340106K [0x0000000080000000, 0x00000000d1d00000, 0x00000000d5580000)
  object space 1340416K, 99% used [0x0000000080000000,0x00000000d1cb2bf8,0x00000000d1d00000)
 Metaspace       used 111384K, committed 113344K, reserved 1179648K
  class space    used 10961K, committed 11840K, reserved 1048576K
}
Event: 22443.705 GC heap before
{Heap before GC invocations=13332 (full 25):
 PSYoungGen      total 11776K, used 11764K [0x00000000d5580000, 0x00000000d6400000, 0x0000000100000000)
  eden space 10752K, 99% used [0x00000000d5580000,0x00000000d5ffffe0,0x00000000d6000000)
  from space 1024K, 98% used [0x00000000d6200000,0x00000000d62fd220,0x00000000d6300000)
  to   space 2048K, 0% used [0x00000000d6000000,0x00000000d6000000,0x00000000d6200000)
 ParOldGen       total 1340416K, used 1340106K [0x0000000080000000, 0x00000000d1d00000, 0x00000000d5580000)
  object space 1340416K, 99% used [0x0000000080000000,0x00000000d1cb2bf8,0x00000000d1d00000)
 Metaspace       used 111384K, committed 113344K, reserved 1179648K
  class space    used 10961K, committed 11840K, reserved 1048576K
}
Event: 22443.708 GC heap after
{Heap after GC invocations=13332 (full 25):
 PSYoungGen      total 11776K, used 618K [0x00000000d5580000, 0x00000000d6280000, 0x0000000100000000)
  eden space 10752K, 0% used [0x00000000d5580000,0x00000000d5580000,0x00000000d6000000)
  from space 1024K, 60% used [0x00000000d6000000,0x00000000d609a910,0x00000000d6100000)
  to   space 1024K, 0% used [0x00000000d6180000,0x00000000d6180000,0x00000000d6280000)
 ParOldGen       total 1341440K, used 1341131K [0x0000000080000000, 0x00000000d1e00000, 0x00000000d5580000)
  object space 1341440K, 99% used [0x0000000080000000,0x00000000d1db2e38,0x00000000d1e00000)
 Metaspace       used 111384K, committed 113344K, reserved 1179648K
  class space    used 10961K, committed 11840K, reserved 1048576K
}
Event: 22444.242 GC heap before
{Heap before GC invocations=13333 (full 25):
 PSYoungGen      total 11776K, used 11370K [0x00000000d5580000, 0x00000000d6280000, 0x0000000100000000)
  eden space 10752K, 100% used [0x00000000d5580000,0x00000000d6000000,0x00000000d6000000)
  from space 1024K, 60% used [0x00000000d6000000,0x00000000d609a910,0x00000000d6100000)
  to   space 1024K, 0% used [0x00000000d6180000,0x00000000d6180000,0x00000000d6280000)
 ParOldGen       total 1341440K, used 1341131K [0x0000000080000000, 0x00000000d1e00000, 0x00000000d5580000)
  object space 1341440K, 99% used [0x0000000080000000,0x00000000d1db2e38,0x00000000d1e00000)
 Metaspace       used 111389K, committed 113344K, reserved 1179648K
  class space    used 10961K, committed 11840K, reserved 1048576K
}
Event: 22444.247 GC heap after
{Heap after GC invocations=13333 (full 25):
 PSYoungGen      total 8192K, used 1015K [0x00000000d5580000, 0x00000000d6a00000, 0x0000000100000000)
  eden space 7168K, 0% used [0x00000000d5580000,0x00000000d5580000,0x00000000d5c80000)
  from space 1024K, 99% used [0x00000000d6180000,0x00000000d627dd70,0x00000000d6280000)
  to   space 5120K, 0% used [0x00000000d5c80000,0x00000000d5c80000,0x00000000d6180000)
 ParOldGen       total 1344512K, used 1344258K [0x0000000080000000, 0x00000000d2100000, 0x00000000d5580000)
  object space 1344512K, 99% used [0x0000000080000000,0x00000000d20c0ba8,0x00000000d2100000)
 Metaspace       used 111389K, committed 113344K, reserved 1179648K
  class space    used 10961K, committed 11840K, reserved 1048576K
}
Event: 22444.267 GC heap before
{Heap before GC invocations=13334 (full 25):
 PSYoungGen      total 8192K, used 8183K [0x00000000d5580000, 0x00000000d6a00000, 0x0000000100000000)
  eden space 7168K, 100% used [0x00000000d5580000,0x00000000d5c80000,0x00000000d5c80000)
  from space 1024K, 99% used [0x00000000d6180000,0x00000000d627dd70,0x00000000d6280000)
  to   space 5120K, 0% used [0x00000000d5c80000,0x00000000d5c80000,0x00000000d6180000)
 ParOldGen       total 1344512K, used 1344258K [0x0000000080000000, 0x00000000d2100000, 0x00000000d5580000)
  object space 1344512K, 99% used [0x0000000080000000,0x00000000d20c0ba8,0x00000000d2100000)
 Metaspace       used 111389K, committed 113344K, reserved 1179648K
  class space    used 10961K, committed 11840K, reserved 1048576K
}
Event: 22444.274 GC heap after
{Heap after GC invocations=13334 (full 25):
 PSYoungGen      total 12288K, used 5120K [0x00000000d5580000, 0x00000000d6e80000, 0x0000000100000000)
  eden space 7168K, 0% used [0x00000000d5580000,0x00000000d5580000,0x00000000d5c80000)
  from space 5120K, 100% used [0x00000000d5c80000,0x00000000d6180000,0x00000000d6180000)
  to   space 9216K, 0% used [0x00000000d6580000,0x00000000d6580000,0x00000000d6e80000)
 ParOldGen       total 1347584K, used 1347338K [0x0000000080000000, 0x00000000d2400000, 0x00000000d5580000)
  object space 1347584K, 99% used [0x0000000080000000,0x00000000d23c2928,0x00000000d2400000)
 Metaspace       used 111389K, committed 113344K, reserved 1179648K
  class space    used 10961K, committed 11840K, reserved 1048576K
}
Event: 22444.296 GC heap before
{Heap before GC invocations=13335 (full 25):
 PSYoungGen      total 12288K, used 12007K [0x00000000d5580000, 0x00000000d6e80000, 0x0000000100000000)
  eden space 7168K, 96% used [0x00000000d5580000,0x00000000d5c39cf8,0x00000000d5c80000)
  from space 5120K, 100% used [0x00000000d5c80000,0x00000000d6180000,0x00000000d6180000)
  to   space 9216K, 0% used [0x00000000d6580000,0x00000000d6580000,0x00000000d6e80000)
 ParOldGen       total 1347584K, used 1347338K [0x0000000080000000, 0x00000000d2400000, 0x00000000d5580000)
  object space 1347584K, 99% used [0x0000000080000000,0x00000000d23c2928,0x00000000d2400000)
 Metaspace       used 111389K, committed 113344K, reserved 1179648K
  class space    used 10961K, committed 11840K, reserved 1048576K
}
Event: 22444.303 GC heap after
{Heap after GC invocations=13335 (full 25):
 PSYoungGen      total 13824K, used 6436K [0x00000000d5580000, 0x00000000d6c00000, 0x0000000100000000)
  eden space 7168K, 0% used [0x00000000d5580000,0x00000000d5580000,0x00000000d5c80000)
  from space 6656K, 96% used [0x00000000d6580000,0x00000000d6bc9000,0x00000000d6c00000)
  to   space 7168K, 0% used [0x00000000d5e00000,0x00000000d5e00000,0x00000000d6500000)
 ParOldGen       total 1352704K, used 1352546K [0x0000000080000000, 0x00000000d2900000, 0x00000000d5580000)
  object space 1352704K, 99% used [0x0000000080000000,0x00000000d28d8928,0x00000000d2900000)
 Metaspace       used 111389K, committed 113344K, reserved 1179648K
  class space    used 10961K, committed 11840K, reserved 1048576K
}
Event: 22444.334 GC heap before
{Heap before GC invocations=13336 (full 25):
 PSYoungGen      total 13824K, used 12753K [0x00000000d5580000, 0x00000000d6c00000, 0x0000000100000000)
  eden space 7168K, 88% used [0x00000000d5580000,0x00000000d5bab428,0x00000000d5c80000)
  from space 6656K, 96% used [0x00000000d6580000,0x00000000d6bc9000,0x00000000d6c00000)
  to   space 7168K, 0% used [0x00000000d5e00000,0x00000000d5e00000,0x00000000d6500000)
 ParOldGen       total 1352704K, used 1352546K [0x0000000080000000, 0x00000000d2900000, 0x00000000d5580000)
  object space 1352704K, 99% used [0x0000000080000000,0x00000000d28d8928,0x00000000d2900000)
 Metaspace       used 111389K, committed 113344K, reserved 1179648K
  class space    used 10961K, committed 11840K, reserved 1048576K
}
Event: 22444.340 GC heap after
{Heap after GC invocations=13336 (full 25):
 PSYoungGen      total 12288K, used 5029K [0x00000000d5580000, 0x00000000d6880000, 0x0000000100000000)
  eden space 7168K, 0% used [0x00000000d5580000,0x00000000d5580000,0x00000000d5c80000)
  from space 5120K, 98% used [0x00000000d5e00000,0x00000000d62e9590,0x00000000d6300000)
  to   space 5632K, 0% used [0x00000000d6300000,0x00000000d6300000,0x00000000d6880000)
 ParOldGen       total 1358336K, used 1358308K [0x0000000080000000, 0x00000000d2e80000, 0x00000000d5580000)
  object space 1358336K, 99% used [0x0000000080000000,0x00000000d2e79128,0x00000000d2e80000)
 Metaspace       used 111389K, committed 113344K, reserved 1179648K
  class space    used 10961K, committed 11840K, reserved 1048576K
}
Event: 22444.380 GC heap before
{Heap before GC invocations=13337 (full 25):
 PSYoungGen      total 12288K, used 12197K [0x00000000d5580000, 0x00000000d6880000, 0x0000000100000000)
  eden space 7168K, 100% used [0x00000000d5580000,0x00000000d5c80000,0x00000000d5c80000)
  from space 5120K, 98% used [0x00000000d5e00000,0x00000000d62e9590,0x00000000d6300000)
  to   space 5632K, 0% used [0x00000000d6300000,0x00000000d6300000,0x00000000d6880000)
 ParOldGen       total 1358336K, used 1358308K [0x0000000080000000, 0x00000000d2e80000, 0x00000000d5580000)
  object space 1358336K, 99% used [0x0000000080000000,0x00000000d2e79128,0x00000000d2e80000)
 Metaspace       used 111391K, committed 113344K, reserved 1179648K
  class space    used 10961K, committed 11840K, reserved 1048576K
}
Event: 22444.388 GC heap after
{Heap after GC invocations=13337 (full 25):
 PSYoungGen      total 8192K, used 672K [0x00000000d5580000, 0x00000000d6400000, 0x0000000100000000)
  eden space 7168K, 0% used [0x00000000d5580000,0x00000000d5580000,0x00000000d5c80000)
  from space 1024K, 65% used [0x00000000d6300000,0x00000000d63a8000,0x00000000d6400000)
  to   space 2560K, 0% used [0x00000000d5f00000,0x00000000d5f00000,0x00000000d6180000)
 ParOldGen       total 1362944K, used 1362712K [0x0000000080000000, 0x00000000d3300000, 0x00000000d5580000)
  object space 1362944K, 99% used [0x0000000080000000,0x00000000d32c6128,0x00000000d3300000)
 Metaspace       used 111391K, committed 113344K, reserved 1179648K
  class space    used 10961K, committed 11840K, reserved 1048576K
}
Event: 22444.427 GC heap before
{Heap before GC invocations=13338 (full 26):
 PSYoungGen      total 8192K, used 7840K [0x00000000d5580000, 0x00000000d6400000, 0x0000000100000000)
  eden space 7168K, 100% used [0x00000000d5580000,0x00000000d5c80000,0x00000000d5c80000)
  from space 1024K, 65% used [0x00000000d6300000,0x00000000d63a8000,0x00000000d6400000)
  to   space 2560K, 0% used [0x00000000d5f00000,0x00000000d5f00000,0x00000000d6180000)
 ParOldGen       total 1394688K, used 1393432K [0x0000000080000000, 0x00000000d5200000, 0x00000000d5580000)
  object space 1394688K, 99% used [0x0000000080000000,0x00000000d50c6158,0x00000000d5200000)
 Metaspace       used 111391K, committed 113344K, reserved 1179648K
  class space    used 10961K, committed 11840K, reserved 1048576K
}

